[debug] [2024-02-29T23:11:26.255Z] ----------------------------------------------------------------------
[debug] [2024-02-29T23:11:26.257Z] Command:       C:\Program Files\nodejs\node.exe C:\Users\Santiago\AppData\Roaming\npm\node_modules\firebase-tools\lib\bin\firebase.js init
[debug] [2024-02-29T23:11:26.257Z] CLI Version:   13.4.0
[debug] [2024-02-29T23:11:26.258Z] Platform:      win32
[debug] [2024-02-29T23:11:26.258Z] Node Version:  v18.16.0
[debug] [2024-02-29T23:11:26.259Z] Time:          Thu Feb 29 2024 20:11:26 GMT-0300 (hora estándar de Argentina)
[debug] [2024-02-29T23:11:26.259Z] ----------------------------------------------------------------------
[debug] 
[debug] [2024-02-29T23:11:26.265Z] > command requires scopes: ["email","openid","https://www.googleapis.com/auth/cloudplatformprojects.readonly","https://www.googleapis.com/auth/firebase","https://www.googleapis.com/auth/cloud-platform"]
[debug] [2024-02-29T23:11:26.266Z] > authorizing via signed-in user (santiagoaguero24@gmail.com)
[info] 
     ######## #### ########  ######## ########     ###     ######  ########
     ##        ##  ##     ## ##       ##     ##  ##   ##  ##       ##
     ######    ##  ########  ######   ########  #########  ######  ######
     ##        ##  ##    ##  ##       ##     ## ##     ##       ## ##
     ##       #### ##     ## ######## ########  ##     ##  ######  ########

You're about to initialize a Firebase project in this directory:

  C:\Users\Santiago\Desktop\Nueva carpeta\argshoes

[info] 
=== Project Setup
[info] 
[info] First, let's associate this project directory with a Firebase project.
[info] You can create multiple project aliases by running firebase use --add, 
[info] but for now we'll just set up a default project.
[info] 
[debug] [2024-02-29T23:11:56.716Z] >>> [apiv2][query] GET https://firebase.googleapis.com/v1beta1/projects pageSize=100
[debug] [2024-02-29T23:11:57.313Z] <<< [apiv2][status] GET https://firebase.googleapis.com/v1beta1/projects 200
[debug] [2024-02-29T23:11:57.314Z] <<< [apiv2][body] GET https://firebase.googleapis.com/v1beta1/projects [omitted]
[info] i  Using project argshoesss (ArgShoeSss) 
[info] 
=== Firestore Setup
[debug] [2024-02-29T23:11:58.983Z] >>> [apiv2][query] GET https://serviceusage.googleapis.com/v1/projects/argshoesss/services/firestore.googleapis.com [none]
[debug] [2024-02-29T23:11:58.983Z] >>> [apiv2][(partial)header] GET https://serviceusage.googleapis.com/v1/projects/argshoesss/services/firestore.googleapis.com x-goog-quota-user=projects/argshoesss
[debug] [2024-02-29T23:12:00.062Z] <<< [apiv2][status] GET https://serviceusage.googleapis.com/v1/projects/argshoesss/services/firestore.googleapis.com 200
[debug] [2024-02-29T23:12:00.062Z] <<< [apiv2][body] GET https://serviceusage.googleapis.com/v1/projects/argshoesss/services/firestore.googleapis.com [omitted]
[debug] [2024-02-29T23:12:00.062Z] >>> [apiv2][query] GET https://firestore.googleapis.com/v1/projects/argshoesss/databases/(default) [none]
[debug] [2024-02-29T23:12:01.038Z] <<< [apiv2][status] GET https://firestore.googleapis.com/v1/projects/argshoesss/databases/(default) 200
[debug] [2024-02-29T23:12:01.039Z] <<< [apiv2][body] GET https://firestore.googleapis.com/v1/projects/argshoesss/databases/(default) {"name":"projects/argshoesss/databases/(default)","uid":"5f06c311-f5f7-4139-b93a-8ed739edf0ea","createTime":"2024-02-29T22:43:57.395188Z","updateTime":"2024-02-29T22:43:57.395188Z","locationId":"nam5","type":"FIRESTORE_NATIVE","concurrencyMode":"PESSIMISTIC","versionRetentionPeriod":"3600s","earliestVersionTime":"2024-02-29T22:43:57.395188Z","appEngineIntegrationMode":"DISABLED","keyPrefix":"s","pointInTimeRecoveryEnablement":"POINT_IN_TIME_RECOVERY_DISABLED","deleteProtectionState":"DELETE_PROTECTION_DISABLED","etag":"IJTXhpjW0YQDMIKmi8nR0YQD"}
[debug] [2024-02-29T23:12:01.039Z] database_type: FIRESTORE_NATIVE
[debug] [2024-02-29T23:12:01.039Z] > command requires scopes: ["email","openid","https://www.googleapis.com/auth/cloudplatformprojects.readonly","https://www.googleapis.com/auth/firebase","https://www.googleapis.com/auth/cloud-platform"]
[debug] [2024-02-29T23:12:01.040Z] > authorizing via signed-in user (santiagoaguero24@gmail.com)
[debug] [2024-02-29T23:12:01.040Z] [iam] checking project argshoesss for permissions ["firebase.projects.get"]
[debug] [2024-02-29T23:12:01.040Z] >>> [apiv2][query] POST https://cloudresourcemanager.googleapis.com/v1/projects/argshoesss:testIamPermissions [none]
[debug] [2024-02-29T23:12:01.040Z] >>> [apiv2][(partial)header] POST https://cloudresourcemanager.googleapis.com/v1/projects/argshoesss:testIamPermissions x-goog-quota-user=projects/argshoesss
[debug] [2024-02-29T23:12:01.040Z] >>> [apiv2][body] POST https://cloudresourcemanager.googleapis.com/v1/projects/argshoesss:testIamPermissions {"permissions":["firebase.projects.get"]}
[debug] [2024-02-29T23:12:01.889Z] <<< [apiv2][status] POST https://cloudresourcemanager.googleapis.com/v1/projects/argshoesss:testIamPermissions 200
[debug] [2024-02-29T23:12:01.889Z] <<< [apiv2][body] POST https://cloudresourcemanager.googleapis.com/v1/projects/argshoesss:testIamPermissions {"permissions":["firebase.projects.get"]}
[info] 
[info] Firestore Security Rules allow you to define how and when to allow
[info] requests. You can keep these rules in your project directory
[info] and publish them with firebase deploy.
[info] 
[debug] [2024-02-29T23:13:23.898Z] >>> [apiv2][query] GET https://firebaserules.googleapis.com/v1/projects/argshoesss/releases pageSize=10&pageToken=
[debug] [2024-02-29T23:13:24.954Z] <<< [apiv2][status] GET https://firebaserules.googleapis.com/v1/projects/argshoesss/releases 200
[debug] [2024-02-29T23:13:24.954Z] <<< [apiv2][body] GET https://firebaserules.googleapis.com/v1/projects/argshoesss/releases {}
[debug] [2024-02-29T23:13:24.954Z] No rulesets found, using default.
[info] 
[info] Firestore indexes allow you to perform complex queries while
[info] maintaining performance that scales with the size of the result
[info] set. You can keep index definitions in your project directory
[info] and publish them with firebase deploy.
[info] 
[debug] [2024-02-29T23:15:36.929Z] >>> [apiv2][query] GET https://firestore.googleapis.com/v1/projects/argshoesss/databases/(default)/collectionGroups/-/indexes [none]
[debug] [2024-02-29T23:15:36.932Z] >>> [apiv2][query] GET https://firestore.googleapis.com/v1/projects/argshoesss/databases/(default)/collectionGroups/-/fields?filter=indexConfig.usesAncestorConfig=false OR ttlConfig:* [none]
[debug] [2024-02-29T23:15:37.932Z] <<< [apiv2][status] GET https://firestore.googleapis.com/v1/projects/argshoesss/databases/(default)/collectionGroups/-/fields?filter=indexConfig.usesAncestorConfig=false OR ttlConfig:* 200
[debug] [2024-02-29T23:15:37.932Z] <<< [apiv2][body] GET https://firestore.googleapis.com/v1/projects/argshoesss/databases/(default)/collectionGroups/-/fields?filter=indexConfig.usesAncestorConfig=false OR ttlConfig:* {"fields":[{"name":"projects/argshoesss/databases/(default)/collectionGroups/__default__/fields/*","indexConfig":{"indexes":[{"queryScope":"COLLECTION","fields":[{"fieldPath":"*","order":"ASCENDING"}],"state":"READY"},{"queryScope":"COLLECTION","fields":[{"fieldPath":"*","order":"DESCENDING"}],"state":"READY"},{"queryScope":"COLLECTION","fields":[{"fieldPath":"*","arrayConfig":"CONTAINS"}],"state":"READY"}]}}]}
[debug] [2024-02-29T23:15:37.932Z] <<< [apiv2][status] GET https://firestore.googleapis.com/v1/projects/argshoesss/databases/(default)/collectionGroups/-/indexes 200
[debug] [2024-02-29T23:15:37.932Z] <<< [apiv2][body] GET https://firestore.googleapis.com/v1/projects/argshoesss/databases/(default)/collectionGroups/-/indexes {}
[info] 
=== Hosting Setup
[debug] [2024-02-29T23:15:37.935Z] >>> [apiv2][query] GET https://firebase.googleapis.com/v1beta1/projects/argshoesss [none]
[debug] [2024-02-29T23:15:38.318Z] <<< [apiv2][status] GET https://firebase.googleapis.com/v1beta1/projects/argshoesss 200
[debug] [2024-02-29T23:15:38.318Z] <<< [apiv2][body] GET https://firebase.googleapis.com/v1beta1/projects/argshoesss {"projectId":"argshoesss","projectNumber":"800077448470","displayName":"ArgShoeSss","name":"projects/argshoesss","resources":{"hostingSite":"argshoesss"},"state":"ACTIVE","etag":"1_a85a2013-fa60-414d-a30a-a95b2a708a58"}
[info] 
[info] Your public directory is the folder (relative to your project directory) that
[info] will contain Hosting assets to be uploaded with firebase deploy. If you
[info] have a build process for your assets, use your build's output directory.
[info] 
[debug] [2024-02-29T23:15:58.120Z] >>> [apiv2][query] GET https://www.gstatic.com/firebasejs/releases.json [none]
[debug] [2024-02-29T23:15:58.188Z] <<< [apiv2][status] GET https://www.gstatic.com/firebasejs/releases.json 200
[debug] [2024-02-29T23:15:58.188Z] <<< [apiv2][body] GET https://www.gstatic.com/firebasejs/releases.json {"current":{"version":"10.8.1","browserURL":"https://www.gstatic.com/firebasejs/10.8.1/firebase.js","packageURL":"https://www.gstatic.com/firebasejs/10.8.1/firebase.tgz"},"live":{"version":"10.8","browserURL":"https://www.gstatic.com/firebasejs/live/10.8/firebase.js","packageURL":"https://www.gstatic.com/firebasejs/live/10.8/firebase.tgz"},"components":{"analytics":"https://www.gstatic.com/firebasejs/10.8.1/firebase-analytics.js","app":"https://www.gstatic.com/firebasejs/10.8.1/firebase-app.js","app-check":"https://www.gstatic.com/firebasejs/10.8.1/firebase-app-check.js","auth":"https://www.gstatic.com/firebasejs/10.8.1/firebase-auth.js","auth/cordova":"https://www.gstatic.com/firebasejs/10.8.1/firebase-auth/cordova.js","auth/web-extension":"https://www.gstatic.com/firebasejs/10.8.1/firebase-auth/web-extension.js","functions":"https://www.gstatic.com/firebasejs/10.8.1/firebase-functions.js","firestore":"https://www.gstatic.com/firebasejs/10.8.1/firebase-firestore.js","firestore/lite":"https://www.gstatic.com/firebasejs/10.8.1/firebase-firestore/lite.js","installations":"https://www.gstatic.com/firebasejs/10.8.1/firebase-installations.js","storage":"https://www.gstatic.com/firebasejs/10.8.1/firebase-storage.js","performance":"https://www.gstatic.com/firebasejs/10.8.1/firebase-performance.js","remote-config":"https://www.gstatic.com/firebasejs/10.8.1/firebase-remote-config.js","messaging":"https://www.gstatic.com/firebasejs/10.8.1/firebase-messaging.js","messaging/sw":"https://www.gstatic.com/firebasejs/10.8.1/firebase-messaging/sw.js","database":"https://www.gstatic.com/firebasejs/10.8.1/firebase-database.js","firestore.memory":"https://www.gstatic.com/firebasejs/10.8.1/firebase-firestore.memory.js"}}
[info] +  Wrote public/index.html 
[info] 
[info] i  Detected a .git folder at C:\Users\Santiago\Desktop\Nueva carpeta\argshoes 
[info] i  Authorizing with GitHub to upload your service account to a GitHub repository's secrets store. 
[info] 
[info] Visit this URL on this device to log in:
[info] https://github.com/login/oauth/authorize?client_id=89cf50f02ac6aaed3484&state=571626281&redirect_uri=http%3A%2F%2Flocalhost%3A9005&scope=read%3Auser%20repo%20public_repo
[info] 
[info] Waiting for authentication...
[debug] [2024-02-29T23:16:12.771Z] >>> [apiv2][query] POST https://github.com/login/oauth/access_token [none]
[debug] [2024-02-29T23:16:12.771Z] >>> [apiv2][body] POST https://github.com/login/oauth/access_token [stream]
[debug] [2024-02-29T23:16:13.095Z] <<< [apiv2][status] POST https://github.com/login/oauth/access_token 200
[debug] [2024-02-29T23:16:13.095Z] <<< [apiv2][body] POST https://github.com/login/oauth/access_token {"access_token":"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","token_type":"bearer","scope":"read:user,repo"}
[debug] [2024-02-29T23:16:13.099Z] >>> [apiv2][query] GET https://api.github.com/user [none]
[debug] [2024-02-29T23:16:13.419Z] <<< [apiv2][status] GET https://api.github.com/user 200
[debug] [2024-02-29T23:16:13.419Z] <<< [apiv2][body] GET https://api.github.com/user {"login":"santiagoaguero-s","id":132785543,"node_id":"U_kgDOB-olhw","avatar_url":"https://avatars.githubusercontent.com/u/132785543?v=4","gravatar_id":"","url":"https://api.github.com/users/santiagoaguero-s","html_url":"https://github.com/santiagoaguero-s","followers_url":"https://api.github.com/users/santiagoaguero-s/followers","following_url":"https://api.github.com/users/santiagoaguero-s/following{/other_user}","gists_url":"https://api.github.com/users/santiagoaguero-s/gists{/gist_id}","starred_url":"https://api.github.com/users/santiagoaguero-s/starred{/owner}{/repo}","subscriptions_url":"https://api.github.com/users/santiagoaguero-s/subscriptions","organizations_url":"https://api.github.com/users/santiagoaguero-s/orgs","repos_url":"https://api.github.com/users/santiagoaguero-s/repos","events_url":"https://api.github.com/users/santiagoaguero-s/events{/privacy}","received_events_url":"https://api.github.com/users/santiagoaguero-s/received_events","type":"User","site_admin":false,"name":null,"company":null,"blog":"","location":null,"email":null,"hireable":null,"bio":null,"twitter_username":null,"public_repos":3,"public_gists":0,"followers":0,"following":0,"created_at":"2023-05-06T20:31:45Z","updated_at":"2024-02-29T23:16:08Z","private_gists":0,"total_private_repos":0,"owned_private_repos":0,"disk_usage":7181,"collaborators":0,"two_factor_authentication":false,"plan":{"name":"free","space":976562499,"collaborators":0,"private_repos":10000}}
[info] 
[info] +  Success! Logged into GitHub as santiagoaguero-s 
[info] 
[debug] [2024-02-29T23:16:20.600Z] >>> [apiv2][query] GET https://api.github.com/repos//actions/secrets/public-key type=owner
[debug] [2024-02-29T23:16:20.857Z] <<< [apiv2][status] GET https://api.github.com/repos//actions/secrets/public-key 404
[debug] [2024-02-29T23:16:20.858Z] <<< [apiv2][body] GET https://api.github.com/repos//actions/secrets/public-key {"message":"Not Found","documentation_url":"https://docs.github.com/rest"}
[info] 
[info] 
[error] !  The provided authorization cannot be used with this repository. If this repository is in an organization, did you remember to grant access? 
[info] 
[info] i  Action required: Visit this URL to ensure access has been granted to the appropriate organization(s) for the Firebase CLI GitHub OAuth App: 
[info] https://github.com/settings/connections/applications/89cf50f02ac6aaed3484
[info] 
